[2026-02-03T21:46:41.789Z] POST /api/auth/login - IP: ::1
[2026-02-03T21:46:44.190Z] POST /api/auth/register - IP: ::1
[2026-02-03T21:46:45.150Z] POST /api/auth/register - IP: ::1
[2026-02-03T21:46:45.375Z] POST /api/auth/register - IP: ::1
[2026-02-03T21:46:51.751Z] POST /api/auth/register - IP: ::1
[2026-02-03T21:47:02.760Z] POST /api/auth/register - IP: ::1
[2026-02-03T21:47:41.591Z] POST /api/auth/login - IP: ::1
[2026-02-03T21:55:34.607Z] POST /api/auth/login - IP: ::1
[2026-02-03T21:55:37.632Z] POST /api/auth/register - IP: ::1
[2026-02-03T21:55:45.578Z] POST /api/auth/register - IP: ::1
[2026-02-03T21:55:47.017Z] POST /api/auth/login - IP: ::1
[2026-02-03T22:03:07.216Z] POST /api/auth/login - IP: ::1
[2026-02-03T22:03:16.859Z] POST /api/auth/register - IP: ::1
[2026-02-03T22:03:50.097Z] POST /api/auth/login - IP: ::1
[2026-02-03T22:03:51.429Z] POST /api/auth/register - IP: ::1
[2026-02-03T22:14:51.978Z] POST /api/auth/login - IP: ::1
[2026-02-03T22:15:07.076Z] POST /api/auth/register - IP: ::1
[2026-02-03T22:15:08.046Z] POST /api/auth/register - IP: ::1
[2026-02-03T22:15:08.225Z] POST /api/auth/register - IP: ::1
[2026-02-03T22:15:08.360Z] POST /api/auth/register - IP: ::1
[2026-02-03T22:15:08.511Z] POST /api/auth/register - IP: ::1
[2026-02-03T22:15:08.744Z] POST /api/auth/register - IP: ::1
[2026-02-03T22:15:09.528Z] POST /api/auth/login - IP: ::1
[2026-02-03T22:15:09.671Z] POST /api/auth/login - IP: ::1
[2026-02-03T22:15:09.825Z] POST /api/auth/login - IP: ::1
[2026-02-03T22:15:09.972Z] POST /api/auth/login - IP: ::1
[2026-02-03T22:15:10.242Z] POST /api/auth/login - IP: ::1
[2026-02-03T22:15:10.548Z] POST /api/auth/login - IP: ::1
[2026-02-03T22:15:10.700Z] POST /api/auth/login - IP: ::1
[2026-02-03T22:15:10.928Z] POST /api/auth/login - IP: ::1
[2026-02-03T22:15:25.481Z] POST /api/auth/register - IP: ::1
[2026-02-03T22:17:23.034Z] POST /api/auth/register - IP: ::1
[2026-02-03T22:17:24.751Z] POST /api/auth/login - IP: ::1
[2026-02-03T22:17:25.465Z] POST /api/auth/login - IP: ::1
[2026-02-03T22:17:25.895Z] POST /api/auth/login - IP: ::1
[2026-02-03T22:17:27.785Z] POST /api/auth/register - IP: ::1
[2026-02-03T22:17:37.366Z] POST /api/auth/register - IP: ::1
[2026-02-03T22:19:15.428Z] GET /.well-known/appspecific/com.chrome.devtools.json - IP: ::1
[2026-02-03T22:19:24.844Z] POST /api/auth/login - IP: ::1
[2026-02-03T22:20:32.884Z] POST /api/auth/register - IP: ::1
[2026-02-03T22:21:39.430Z] GET /api - IP: ::1
[2026-02-03T22:24:58.554Z] GET /.well-known/appspecific/com.chrome.devtools.json - IP: ::1
[2026-02-03T22:25:00.942Z] POST /api/auth/register - IP: ::1
[2026-02-03T22:26:11.956Z] GET /api/auth/register - IP: ::1
[2026-02-03T22:28:53.154Z] GET /.well-known/appspecific/com.chrome.devtools.json - IP: ::1
[2026-02-03T22:30:19.032Z] POST /api/auth/register - IP: ::1
[2026-02-03T22:30:24.453Z] POST /api/auth/register - IP: ::1
[2026-02-03T22:30:56.437Z] POST /api/auth/register - IP: ::1
[2026-02-03T22:30:59.445Z] POST /api/auth/login - IP: ::1
[2026-02-03T22:31:15.223Z] GET /api/products/1 - IP: ::1
[2026-02-03T22:32:31.373Z] POST /api/products - IP: ::1
[2026-02-03T22:32:42.693Z] POST /api/auth/logout - IP: ::1
[2026-02-03T22:33:04.675Z] POST /api/auth/login - IP: ::1
[2026-02-03T22:33:15.027Z] POST /api/products - IP: ::1
[2026-02-03T22:33:46.105Z] GET /api/products/1 - IP: ::1
[2026-02-03T22:34:03.896Z] PUT /api/products/1 - IP: ::1
[2026-02-03T22:34:06.009Z] PUT /api/products/1 - IP: ::1
[2026-02-03T22:34:07.054Z] GET /api/products/1 - IP: ::1
[2026-02-03T22:34:08.276Z] PUT /api/products/1 - IP: ::1
[2026-02-03T22:34:10.054Z] DELETE /api/products/1 - IP: ::1
[2026-02-03T22:40:23.058Z] POST /api/auth/register - IP: ::1
[2026-02-03T22:40:24.392Z] POST /api/auth/login - IP: ::1
[2026-02-03T22:40:42.327Z] POST /api/products - IP: ::1
[2026-02-03T22:40:52.320Z] PUT /api/products/ - IP: ::1
[2026-02-03T22:40:55.934Z] GET /api/products/ - IP: ::1
[2026-02-03T22:40:58.069Z] PUT /api/products/ - IP: ::1
[2026-02-03T22:41:06.042Z] PUT /api/products/1 - IP: ::1
[2026-02-03T22:41:08.279Z] GET /api/products/1 - IP: ::1
[2026-02-03T22:41:41.376Z] PUT /api/products/1 - IP: ::1
[2026-02-03T22:42:06.621Z] DELETE /api/products/1 - IP: ::1
[2026-02-03T22:42:07.865Z] GET /api/products/1 - IP: ::1
[2026-02-03T22:42:09.177Z] PUT /api/products/1 - IP: ::1
[2026-02-03T22:42:10.777Z] GET /api/products/search/1 - IP: ::1
[2026-02-03T22:42:14.695Z] GET /api/products - IP: ::1
[2026-02-03T22:42:15.627Z] GET /api/products - IP: ::1
[2026-02-03T22:42:17.044Z] GET /api/products - IP: ::1
[2026-02-03T22:42:18.290Z] POST /api/products - IP: ::1
[2026-02-03T22:43:44.857Z] GET /.well-known/appspecific/com.chrome.devtools.json - IP: ::1
[2026-02-03T22:44:26.394Z] GET /.well-known/appspecific/com.chrome.devtools.json - IP: ::1
[2026-02-03T22:44:28.763Z] POST /api/auth/login - IP: ::1
[2026-02-03T22:45:00.592Z] POST /api/products - IP: ::1
[2026-02-03T22:46:04.458Z] POST /api/auth/register - IP: ::1
[2026-02-03T22:46:11.728Z] POST /api/auth/logout - IP: ::1
[2026-02-03T22:46:23.756Z] POST /api/auth/login - IP: ::1
[2026-02-03T22:46:32.876Z] POST /api/products - IP: ::1
[2026-02-03T22:46:53.513Z] DELETE /api/products/69827ac8784c71cbbf9654a9 - IP: ::1
[2026-02-03T22:46:57.525Z] GET /api/products - IP: ::1
[2026-02-03T22:47:01.454Z] POST /api/products - IP: ::1
[2026-02-03T22:47:03.482Z] GET /api/products - IP: ::1
